<?xml version="1.0" encoding="UTF-8"?>
<!-- Generated by org.testng.reporters.JUnitXMLReporter -->
<testsuite hostname="DELL-PC" ignored="0" name="Test" tests="6" failures="0" timestamp="16 May 2018 12:48:02 GMT" time="8.813" errors="0">
  <testcase name="verifyCreateCompany" time="1.176" classname="com.testersconnect.apitests.HSTestClass"/>
  <testcase name="verifyUpdateCompany" time="0.496" classname="com.testersconnect.apitests.HSTestClass"/>
  <testcase name="verifyCreateContact" time="5.625" classname="com.testersconnect.apitests.HSTestClass"/>
  <testcase name="verifyCompanyContacts" time="0.438" classname="com.testersconnect.apitests.HSTestClass"/>
  <testcase name="verifyDeleteCompany" time="0.444" classname="com.testersconnect.apitests.HSTestClass"/>
  <testcase name="verifyDeleteContact" time="0.602" classname="com.testersconnect.apitests.HSTestClass"/>
</testsuite> <!-- Test -->
