<?xml version="1.0" encoding="UTF-8"?>
<!-- Generated by org.testng.reporters.JUnitXMLReporter -->
<testsuite hostname="DELL-PC" ignored="0" name="Default test" tests="6" failures="0" timestamp="23 May 2018 10:12:28 GMT" time="12.22" errors="0">
  <testcase name="verifyCreateCompany" time="1.58" classname="com.testersconnect.apitests.HSTestClass"/>
  <testcase name="verifyUpdateCompany" time="0.535" classname="com.testersconnect.apitests.HSTestClass"/>
  <testcase name="verifyCreateContact" time="5.744" classname="com.testersconnect.apitests.HSTestClass"/>
  <testcase name="verifyCompanyContacts" time="2.337" classname="com.testersconnect.apitests.HSTestClass"/>
  <testcase name="verifyDeleteCompany" time="0.578" classname="com.testersconnect.apitests.HSTestClass"/>
  <testcase name="verifyDeleteContact" time="0.753" classname="com.testersconnect.apitests.HSTestClass"/>
</testsuite> <!-- Default test -->
